
2025-03-23 20:49:59,186 - run_experiments - INFO - Running experiment with seed=42, version=v1
2025-03-23 20:50:43,753 - run_experiments - INFO - Pipeline completed successfully for seed42_v1
2025-03-23 20:50:56,893 - run_experiments - INFO - Saved experiment seed42_v1
2025-03-23 20:50:56,893 - run_experiments - INFO - Running experiment with seed=42, version=v2
2025-03-23 20:51:42,540 - run_experiments - INFO - Pipeline completed successfully for seed42_v2
2025-03-23 20:51:55,195 - run_experiments - INFO - Saved experiment seed42_v2
2025-03-23 20:51:55,196 - run_experiments - INFO - Running experiment with seed=42, version=v3
2025-03-23 21:00:44,621 - run_experiments - INFO - Pipeline completed successfully for seed42_v3
2025-03-23 21:00:59,753 - run_experiments - INFO - Saved experiment seed42_v3
2025-03-23 21:00:59,753 - run_experiments - INFO - Running experiment with seed=42, version=v1+v2
2025-03-23 21:17:11,329 - run_experiments - INFO - Pipeline completed successfully for seed42_v1+v2
2025-03-23 21:17:23,997 - run_experiments - INFO - Saved experiment seed42_v1+v2
2025-03-23 21:17:23,997 - run_experiments - INFO - Running experiment with seed=42, version=v1+v2+v3
2025-03-23 21:40:49,386 - run_experiments - INFO - Pipeline completed successfully for seed42_v1+v2+v3
2025-03-23 21:41:02,959 - run_experiments - INFO - Saved experiment seed42_v1+v2+v3
2025-03-23 21:41:02,959 - run_experiments - INFO - Running experiment with seed=123, version=v1
2025-03-23 21:49:38,754 - run_experiments - INFO - Pipeline completed successfully for seed123_v1
2025-03-23 21:49:52,617 - run_experiments - INFO - Saved experiment seed123_v1
2025-03-23 21:49:52,617 - run_experiments - INFO - Running experiment with seed=123, version=v2
2025-03-23 21:58:31,595 - run_experiments - INFO - Pipeline completed successfully for seed123_v2
2025-03-23 21:58:45,137 - run_experiments - INFO - Saved experiment seed123_v2
2025-03-23 21:58:45,138 - run_experiments - INFO - Running experiment with seed=123, version=v3
2025-03-23 22:07:22,832 - run_experiments - INFO - Pipeline completed successfully for seed123_v3
2025-03-23 22:07:34,759 - run_experiments - INFO - Saved experiment seed123_v3
2025-03-23 22:07:34,759 - run_experiments - INFO - Running experiment with seed=123, version=v1+v2
2025-03-23 22:23:28,646 - run_experiments - INFO - Pipeline completed successfully for seed123_v1+v2
2025-03-23 22:23:41,642 - run_experiments - INFO - Saved experiment seed123_v1+v2
2025-03-23 22:23:41,642 - run_experiments - INFO - Running experiment with seed=123, version=v1+v2+v3
2025-03-23 22:47:06,672 - run_experiments - INFO - Pipeline completed successfully for seed123_v1+v2+v3
2025-03-23 22:47:30,146 - run_experiments - INFO - Saved experiment seed123_v1+v2+v3
2025-03-23 22:47:30,146 - run_experiments - INFO - Running experiment with seed=456, version=v1
2025-03-23 22:56:05,576 - run_experiments - INFO - Pipeline completed successfully for seed456_v1
2025-03-23 22:56:19,289 - run_experiments - INFO - Saved experiment seed456_v1
2025-03-23 22:56:19,289 - run_experiments - INFO - Running experiment with seed=456, version=v2
2025-03-23 23:04:58,414 - run_experiments - INFO - Pipeline completed successfully for seed456_v2
2025-03-23 23:05:12,204 - run_experiments - INFO - Saved experiment seed456_v2
2025-03-23 23:05:12,205 - run_experiments - INFO - Running experiment with seed=456, version=v3
2025-03-23 23:13:47,637 - run_experiments - INFO - Pipeline completed successfully for seed456_v3
2025-03-23 23:13:59,746 - run_experiments - INFO - Saved experiment seed456_v3
2025-03-23 23:13:59,747 - run_experiments - INFO - Running experiment with seed=456, version=v1+v2
2025-03-23 23:29:39,299 - run_experiments - INFO - Pipeline completed successfully for seed456_v1+v2
2025-03-23 23:29:52,993 - run_experiments - INFO - Saved experiment seed456_v1+v2
2025-03-23 23:29:52,993 - run_experiments - INFO - Running experiment with seed=456, version=v1+v2+v3
2025-03-23 23:55:32,605 - run_experiments - INFO - Pipeline completed successfully for seed456_v1+v2+v3
2025-03-23 23:56:01,587 - run_experiments - INFO - Saved experiment seed456_v1+v2+v3
2025-03-23 23:56:01,587 - run_experiments - INFO - All experiments completed. Use 'dvc exp show' to compare results.
